19:11:51 INFO  : Registering command handlers for SDK TCF services
19:11:52 INFO  : Launching XSCT server: xsct.bat -interactive C:\Users\kaleb\xup\digital\FinalProjectRebuild2\FinalProjectRebuild2.sdk\temp_xsdb_launch_script.tcl
19:11:57 INFO  : XSCT server has started successfully.
19:12:04 INFO  : Successfully done setting XSCT server connection channel  
19:12:04 INFO  : Processing command line option -hwspec C:/Users/kaleb/xup/digital/FinalProjectRebuild2/FinalProjectRebuild2.sdk/top_level.hdf.
19:12:04 INFO  : Successfully done setting SDK workspace  
19:37:51 INFO  : Registering command handlers for SDK TCF services
19:37:52 INFO  : Launching XSCT server: xsct.bat -interactive C:\Users\kaleb\xup\digital\FinalProjectRebuild2\FinalProjectRebuild2.sdk\temp_xsdb_launch_script.tcl
19:38:00 INFO  : XSCT server has started successfully.
19:38:06 INFO  : Processing command line option -hwspec C:/Users/kaleb/xup/digital/FinalProjectRebuild2/FinalProjectRebuild2.sdk/top_level.hdf.
19:38:06 INFO  : Successfully done setting XSCT server connection channel  
19:38:06 INFO  : Successfully done setting SDK workspace  
19:47:16 INFO  : 'targets -set -filter {jtag_cable_name =~ "Digilent Basys3 210183A37E12A" && level==0} -index 0' command is executed.
19:47:16 INFO  : 'fpga -state' command is executed.
19:48:54 INFO  : 'targets -set -filter {jtag_cable_name =~ "Digilent Basys3 210183A37E12A" && level==0} -index 0' command is executed.
19:48:54 INFO  : 'fpga -state' command is executed.
19:48:54 INFO  : Connected to target on host '127.0.0.1' and port '3121'.
19:48:55 INFO  : Jtag cable 'Digilent Basys3 210183A37E12A' is selected.
19:48:55 INFO  : 'jtag frequency' command is executed.
19:48:55 INFO  : 'configparams mdm-detect-bscan-mask 2' command is executed.
19:48:55 INFO  : Context for processor 'microblaze_0' is selected.
19:48:55 INFO  : Processor reset is completed for 'microblaze_0'.
19:48:55 INFO  : Context for processor 'microblaze_0' is selected.
19:48:55 INFO  : The application 'C:/Users/kaleb/xup/digital/FinalProjectRebuild2/FinalProjectRebuild2.sdk/FinalProjectMicroBlaze/Debug/FinalProjectMicroBlaze.elf' is downloaded to processor 'microblaze_0'.
19:48:55 INFO  : ----------------XSDB Script----------------
connect -url tcp:127.0.0.1:3121
configparams mdm-detect-bscan-mask 2
targets -set -nocase -filter {name =~ "microblaze*#0" && bscan=="USER2"  && jtag_cable_name =~ "Digilent Basys3 210183A37E12A"} -index 0
rst -processor
targets -set -nocase -filter {name =~ "microblaze*#0" && bscan=="USER2"  && jtag_cable_name =~ "Digilent Basys3 210183A37E12A"} -index 0
dow C:/Users/kaleb/xup/digital/FinalProjectRebuild2/FinalProjectRebuild2.sdk/FinalProjectMicroBlaze/Debug/FinalProjectMicroBlaze.elf
----------------End of Script----------------

19:48:56 INFO  : Context for processor 'microblaze_0' is selected.
19:48:56 INFO  : 'con' command is executed.
19:48:56 INFO  : ----------------XSDB Script (After Launch)----------------
targets -set -nocase -filter {name =~ "microblaze*#0" && bscan=="USER2"  && jtag_cable_name =~ "Digilent Basys3 210183A37E12A"} -index 0
con
----------------End of Script----------------

19:48:56 INFO  : Disconnected from the channel tcfchan#1.
20:37:13 INFO  : Registering command handlers for SDK TCF services
20:37:15 INFO  : Launching XSCT server: xsct.bat -interactive C:\Users\kaleb\xup\digital\FinalProjectRebuild2\FinalProjectRebuild2.sdk\temp_xsdb_launch_script.tcl
20:37:24 INFO  : XSCT server has started successfully.
20:37:30 INFO  : Processing command line option -hwspec C:/Users/kaleb/xup/digital/FinalProjectRebuild2/FinalProjectRebuild2.sdk/top_level.hdf.
20:37:30 INFO  : Successfully done setting XSCT server connection channel  
20:37:30 INFO  : Successfully done setting SDK workspace  
20:37:42 INFO  : Checking for hwspec changes in the project top_level_hw_platform_0.
20:37:42 INFO  : SDK has detected change in the last modified timestamps for source hardware specification file Source:1575855061001,  Project:1575851805072
20:37:42 INFO  : The hardware specification for project 'top_level_hw_platform_0' is different from C:/Users/kaleb/xup/digital/FinalProjectRebuild2/FinalProjectRebuild2.sdk/top_level.hdf.
20:37:42 INFO  : Copied contents of C:/Users/kaleb/xup/digital/FinalProjectRebuild2/FinalProjectRebuild2.sdk/top_level.hdf into \top_level_hw_platform_0\system.hdf.
20:37:42 INFO  : Synchronizing projects in the workspace with the hardware platform specification changes.
20:37:53 INFO  : 
20:37:55 INFO  : Updating hardware inferred compiler options for FinalProjectMicroBlaze.
20:37:55 INFO  : Clearing existing target manager status.
20:38:29 INFO  : Connected to target on host '127.0.0.1' and port '3121'.
20:38:29 INFO  : 'targets -set -filter {jtag_cable_name =~ "Digilent Basys3 210183A37E12A" && level==0} -index 0' command is executed.
20:38:30 INFO  : FPGA configured successfully with bitstream "C:/Users/kaleb/xup/digital/FinalProjectRebuild2/FinalProjectRebuild2.sdk/top_level_hw_platform_0/download.bit"
20:50:18 INFO  : Connected to target on host '127.0.0.1' and port '3121'.
20:50:18 INFO  : 'targets -set -filter {jtag_cable_name =~ "Digilent Basys3 210183A37E12A" && level==0} -index 0' command is executed.
20:50:19 INFO  : FPGA configured successfully with bitstream "C:/Users/kaleb/xup/digital/FinalProjectRebuild2/FinalProjectRebuild2.sdk/top_level_hw_platform_0/download.bit"
20:50:31 INFO  : 'targets -set -filter {jtag_cable_name =~ "Digilent Basys3 210183A37E12A" && level==0} -index 0' command is executed.
20:50:31 INFO  : 'fpga -state' command is executed.
20:50:31 INFO  : Connected to target on host '127.0.0.1' and port '3121'.
20:50:32 INFO  : Jtag cable 'Digilent Basys3 210183A37E12A' is selected.
20:50:32 INFO  : 'jtag frequency' command is executed.
20:50:32 INFO  : 'configparams mdm-detect-bscan-mask 2' command is executed.
20:50:32 INFO  : Context for processor 'microblaze_0' is selected.
20:50:32 INFO  : Processor reset is completed for 'microblaze_0'.
20:50:32 INFO  : Context for processor 'microblaze_0' is selected.
20:50:32 INFO  : The application 'C:/Users/kaleb/xup/digital/FinalProjectRebuild2/FinalProjectRebuild2.sdk/FinalProjectMicroBlaze/Debug/FinalProjectMicroBlaze.elf' is downloaded to processor 'microblaze_0'.
20:50:32 INFO  : ----------------XSDB Script----------------
connect -url tcp:127.0.0.1:3121
configparams mdm-detect-bscan-mask 2
targets -set -nocase -filter {name =~ "microblaze*#0" && bscan=="USER2"  && jtag_cable_name =~ "Digilent Basys3 210183A37E12A"} -index 0
rst -processor
targets -set -nocase -filter {name =~ "microblaze*#0" && bscan=="USER2"  && jtag_cable_name =~ "Digilent Basys3 210183A37E12A"} -index 0
dow C:/Users/kaleb/xup/digital/FinalProjectRebuild2/FinalProjectRebuild2.sdk/FinalProjectMicroBlaze/Debug/FinalProjectMicroBlaze.elf
----------------End of Script----------------

20:50:32 INFO  : Context for processor 'microblaze_0' is selected.
20:50:32 INFO  : 'con' command is executed.
20:50:32 INFO  : ----------------XSDB Script (After Launch)----------------
targets -set -nocase -filter {name =~ "microblaze*#0" && bscan=="USER2"  && jtag_cable_name =~ "Digilent Basys3 210183A37E12A"} -index 0
con
----------------End of Script----------------

20:50:32 INFO  : Disconnected from the channel tcfchan#1.
21:53:03 INFO  : Registering command handlers for SDK TCF services
21:53:05 INFO  : Launching XSCT server: xsct.bat -interactive C:\Users\kaleb\xup\digital\FinalProjectRebuild2\FinalProjectRebuild2.sdk\temp_xsdb_launch_script.tcl
21:53:16 INFO  : XSCT server has started successfully.
21:53:23 INFO  : Processing command line option -hwspec C:/Users/kaleb/xup/digital/FinalProjectRebuild2/FinalProjectRebuild2.sdk/top_level.hdf.
21:53:23 INFO  : Successfully done setting XSCT server connection channel  
21:53:23 INFO  : Successfully done setting SDK workspace  
21:53:24 INFO  : Checking for hwspec changes in the project top_level_hw_platform_0.
21:53:34 INFO  : SDK has detected change in the last modified timestamps for source hardware specification file Source:1575859831757,  Project:1575855061001
21:53:34 INFO  : The hardware specification for project 'top_level_hw_platform_0' is different from C:/Users/kaleb/xup/digital/FinalProjectRebuild2/FinalProjectRebuild2.sdk/top_level.hdf.
21:53:34 INFO  : Copied contents of C:/Users/kaleb/xup/digital/FinalProjectRebuild2/FinalProjectRebuild2.sdk/top_level.hdf into \top_level_hw_platform_0\system.hdf.
21:53:35 INFO  : Synchronizing projects in the workspace with the hardware platform specification changes.
21:53:46 INFO  : 
21:53:48 INFO  : Updating hardware inferred compiler options for FinalProjectMicroBlaze.
21:53:48 INFO  : Clearing existing target manager status.
21:54:44 INFO  : Connected to target on host '127.0.0.1' and port '3121'.
21:54:45 INFO  : 'targets -set -filter {jtag_cable_name =~ "Digilent Basys3 210183A37E12A" && level==0} -index 0' command is executed.
21:54:46 INFO  : FPGA configured successfully with bitstream "C:/Users/kaleb/xup/digital/FinalProjectRebuild2/FinalProjectRebuild2.sdk/top_level_hw_platform_0/download.bit"
21:56:48 INFO  : Connected to target on host '127.0.0.1' and port '3121'.
21:56:48 INFO  : 'targets -set -filter {jtag_cable_name =~ "Digilent Basys3 210183A37E12A" && level==0} -index 0' command is executed.
21:56:49 INFO  : FPGA configured successfully with bitstream "C:/Users/kaleb/xup/digital/FinalProjectRebuild2/FinalProjectRebuild2.sdk/top_level_hw_platform_0/download.bit"
21:59:03 INFO  : Connected to target on host '127.0.0.1' and port '3121'.
21:59:03 INFO  : 'targets -set -filter {jtag_cable_name =~ "Digilent Basys3 210183A37E12A" && level==0} -index 0' command is executed.
21:59:05 INFO  : FPGA configured successfully with bitstream "C:/Users/kaleb/xup/digital/FinalProjectRebuild2/FinalProjectRebuild2.sdk/top_level_hw_platform_0/download.bit"
21:59:41 INFO  : 'targets -set -filter {jtag_cable_name =~ "Digilent Basys3 210183A37E12A" && level==0} -index 0' command is executed.
21:59:41 INFO  : 'fpga -state' command is executed.
21:59:41 INFO  : Connected to target on host '127.0.0.1' and port '3121'.
21:59:42 INFO  : Jtag cable 'Digilent Basys3 210183A37E12A' is selected.
21:59:42 INFO  : 'jtag frequency' command is executed.
21:59:42 INFO  : 'configparams mdm-detect-bscan-mask 2' command is executed.
21:59:42 INFO  : Context for processor 'microblaze_0' is selected.
21:59:42 INFO  : Processor reset is completed for 'microblaze_0'.
21:59:43 INFO  : Context for processor 'microblaze_0' is selected.
21:59:43 INFO  : The application 'C:/Users/kaleb/xup/digital/FinalProjectRebuild2/FinalProjectRebuild2.sdk/FinalProjectMicroBlaze/Debug/FinalProjectMicroBlaze.elf' is downloaded to processor 'microblaze_0'.
21:59:43 INFO  : ----------------XSDB Script----------------
connect -url tcp:127.0.0.1:3121
configparams mdm-detect-bscan-mask 2
targets -set -nocase -filter {name =~ "microblaze*#0" && bscan=="USER2"  && jtag_cable_name =~ "Digilent Basys3 210183A37E12A"} -index 0
rst -processor
targets -set -nocase -filter {name =~ "microblaze*#0" && bscan=="USER2"  && jtag_cable_name =~ "Digilent Basys3 210183A37E12A"} -index 0
dow C:/Users/kaleb/xup/digital/FinalProjectRebuild2/FinalProjectRebuild2.sdk/FinalProjectMicroBlaze/Debug/FinalProjectMicroBlaze.elf
----------------End of Script----------------

21:59:43 INFO  : Context for processor 'microblaze_0' is selected.
21:59:43 INFO  : 'con' command is executed.
21:59:43 INFO  : ----------------XSDB Script (After Launch)----------------
targets -set -nocase -filter {name =~ "microblaze*#0" && bscan=="USER2"  && jtag_cable_name =~ "Digilent Basys3 210183A37E12A"} -index 0
con
----------------End of Script----------------

21:59:43 INFO  : Disconnected from the channel tcfchan#1.
22:00:19 INFO  : 'targets -set -filter {jtag_cable_name =~ "Digilent Basys3 210183A37E12A" && level==0} -index 0' command is executed.
22:00:19 INFO  : 'fpga -state' command is executed.
22:00:19 INFO  : Connected to target on host '127.0.0.1' and port '3121'.
22:00:20 INFO  : Jtag cable 'Digilent Basys3 210183A37E12A' is selected.
22:00:20 INFO  : 'jtag frequency' command is executed.
22:00:21 INFO  : 'configparams mdm-detect-bscan-mask 2' command is executed.
22:00:21 INFO  : Context for processor 'microblaze_0' is selected.
22:00:21 INFO  : Processor reset is completed for 'microblaze_0'.
22:00:23 INFO  : Context for processor 'microblaze_0' is selected.
22:00:23 INFO  : The application 'C:/Users/kaleb/xup/digital/FinalProjectRebuild2/FinalProjectRebuild2.sdk/FinalProjectMicroBlaze/Debug/FinalProjectMicroBlaze.elf' is downloaded to processor 'microblaze_0'.
22:00:23 INFO  : ----------------XSDB Script----------------
connect -url tcp:127.0.0.1:3121
configparams mdm-detect-bscan-mask 2
targets -set -nocase -filter {name =~ "microblaze*#0" && bscan=="USER2"  && jtag_cable_name =~ "Digilent Basys3 210183A37E12A"} -index 0
rst -processor
targets -set -nocase -filter {name =~ "microblaze*#0" && bscan=="USER2"  && jtag_cable_name =~ "Digilent Basys3 210183A37E12A"} -index 0
dow C:/Users/kaleb/xup/digital/FinalProjectRebuild2/FinalProjectRebuild2.sdk/FinalProjectMicroBlaze/Debug/FinalProjectMicroBlaze.elf
----------------End of Script----------------

22:00:23 INFO  : Context for processor 'microblaze_0' is selected.
22:00:24 INFO  : 'con' command is executed.
22:00:24 INFO  : ----------------XSDB Script (After Launch)----------------
targets -set -nocase -filter {name =~ "microblaze*#0" && bscan=="USER2"  && jtag_cable_name =~ "Digilent Basys3 210183A37E12A"} -index 0
con
----------------End of Script----------------

22:00:24 INFO  : Disconnected from the channel tcfchan#2.
22:01:39 INFO  : Connected to target on host '127.0.0.1' and port '3121'.
22:01:39 INFO  : 'targets -set -filter {jtag_cable_name =~ "Digilent Basys3 210183A37E12A" && level==0} -index 0' command is executed.
22:01:41 INFO  : FPGA configured successfully with bitstream "C:/Users/kaleb/xup/digital/FinalProjectRebuild2/FinalProjectRebuild2.sdk/top_level_hw_platform_0/download.bit"
22:05:03 INFO  : Registering command handlers for SDK TCF services
22:05:05 INFO  : Launching XSCT server: xsct.bat -interactive C:\Users\kaleb\xup\digital\FinalProjectRebuild2\FinalProjectRebuild2.sdk\temp_xsdb_launch_script.tcl
22:05:12 INFO  : XSCT server has started successfully.
22:05:13 INFO  : Processing command line option -hwspec C:/Users/kaleb/xup/digital/FinalProjectRebuild2/FinalProjectRebuild2.sdk/top_level.hdf.
22:05:13 INFO  : Successfully done setting XSCT server connection channel  
22:05:13 INFO  : Checking for hwspec changes in the project top_level_hw_platform_0.
22:05:21 INFO  : Successfully done setting SDK workspace  
22:06:12 INFO  : Connected to target on host '127.0.0.1' and port '3121'.
22:06:12 INFO  : 'targets -set -filter {jtag_cable_name =~ "Digilent Basys3 210183A37E12A" && level==0} -index 0' command is executed.
22:06:14 INFO  : FPGA configured successfully with bitstream "C:/Users/kaleb/xup/digital/FinalProjectRebuild2/FinalProjectRebuild2.sdk/top_level_hw_platform_0/download.bit"
22:06:39 INFO  : 'targets -set -filter {jtag_cable_name =~ "Digilent Basys3 210183A37E12A" && level==0} -index 0' command is executed.
22:06:39 INFO  : 'fpga -state' command is executed.
22:06:39 INFO  : Connected to target on host '127.0.0.1' and port '3121'.
22:06:41 INFO  : Jtag cable 'Digilent Basys3 210183A37E12A' is selected.
22:06:41 INFO  : 'jtag frequency' command is executed.
22:06:41 INFO  : 'configparams mdm-detect-bscan-mask 2' command is executed.
22:06:41 INFO  : Context for processor 'microblaze_0' is selected.
22:06:41 INFO  : Processor reset is completed for 'microblaze_0'.
22:06:41 INFO  : Context for processor 'microblaze_0' is selected.
22:06:41 INFO  : The application 'C:/Users/kaleb/xup/digital/FinalProjectRebuild2/FinalProjectRebuild2.sdk/FinalProjectMicroBlaze/Debug/FinalProjectMicroBlaze.elf' is downloaded to processor 'microblaze_0'.
22:06:41 INFO  : ----------------XSDB Script----------------
connect -url tcp:127.0.0.1:3121
configparams mdm-detect-bscan-mask 2
targets -set -nocase -filter {name =~ "microblaze*#0" && bscan=="USER2"  && jtag_cable_name =~ "Digilent Basys3 210183A37E12A"} -index 0
rst -processor
targets -set -nocase -filter {name =~ "microblaze*#0" && bscan=="USER2"  && jtag_cable_name =~ "Digilent Basys3 210183A37E12A"} -index 0
dow C:/Users/kaleb/xup/digital/FinalProjectRebuild2/FinalProjectRebuild2.sdk/FinalProjectMicroBlaze/Debug/FinalProjectMicroBlaze.elf
----------------End of Script----------------

22:06:41 INFO  : Context for processor 'microblaze_0' is selected.
22:06:41 INFO  : 'con' command is executed.
22:06:41 INFO  : ----------------XSDB Script (After Launch)----------------
targets -set -nocase -filter {name =~ "microblaze*#0" && bscan=="USER2"  && jtag_cable_name =~ "Digilent Basys3 210183A37E12A"} -index 0
con
----------------End of Script----------------

22:06:42 INFO  : Disconnected from the channel tcfchan#1.
22:28:51 INFO  : Connected to target on host '127.0.0.1' and port '3121'.
22:28:51 INFO  : 'targets -set -filter {jtag_cable_name =~ "Digilent Basys3 210183A37E12A" && level==0} -index 0' command is executed.
22:28:52 INFO  : FPGA configured successfully with bitstream "C:/Users/kaleb/xup/digital/FinalProjectRebuild2/FinalProjectRebuild2.sdk/top_level_hw_platform_0/download.bit"
22:29:03 INFO  : 'targets -set -filter {jtag_cable_name =~ "Digilent Basys3 210183A37E12A" && level==0} -index 0' command is executed.
22:29:03 INFO  : 'fpga -state' command is executed.
22:29:03 INFO  : Connected to target on host '127.0.0.1' and port '3121'.
22:29:04 INFO  : Jtag cable 'Digilent Basys3 210183A37E12A' is selected.
22:29:04 INFO  : 'jtag frequency' command is executed.
22:29:04 INFO  : 'configparams mdm-detect-bscan-mask 2' command is executed.
22:29:04 INFO  : Context for processor 'microblaze_0' is selected.
22:29:04 INFO  : Processor reset is completed for 'microblaze_0'.
22:29:04 INFO  : Context for processor 'microblaze_0' is selected.
22:29:05 INFO  : The application 'C:/Users/kaleb/xup/digital/FinalProjectRebuild2/FinalProjectRebuild2.sdk/FinalProjectMicroBlaze/Debug/FinalProjectMicroBlaze.elf' is downloaded to processor 'microblaze_0'.
22:29:05 INFO  : ----------------XSDB Script----------------
connect -url tcp:127.0.0.1:3121
configparams mdm-detect-bscan-mask 2
targets -set -nocase -filter {name =~ "microblaze*#0" && bscan=="USER2"  && jtag_cable_name =~ "Digilent Basys3 210183A37E12A"} -index 0
rst -processor
targets -set -nocase -filter {name =~ "microblaze*#0" && bscan=="USER2"  && jtag_cable_name =~ "Digilent Basys3 210183A37E12A"} -index 0
dow C:/Users/kaleb/xup/digital/FinalProjectRebuild2/FinalProjectRebuild2.sdk/FinalProjectMicroBlaze/Debug/FinalProjectMicroBlaze.elf
----------------End of Script----------------

22:29:05 INFO  : Context for processor 'microblaze_0' is selected.
22:29:05 INFO  : 'con' command is executed.
22:29:05 INFO  : ----------------XSDB Script (After Launch)----------------
targets -set -nocase -filter {name =~ "microblaze*#0" && bscan=="USER2"  && jtag_cable_name =~ "Digilent Basys3 210183A37E12A"} -index 0
con
----------------End of Script----------------

22:29:05 INFO  : Disconnected from the channel tcfchan#2.
22:40:37 INFO  : Connected to target on host '127.0.0.1' and port '3121'.
22:40:38 INFO  : 'targets -set -filter {jtag_cable_name =~ "Digilent Basys3 210183A37E12A" && level==0} -index 0' command is executed.
22:40:39 INFO  : FPGA configured successfully with bitstream "C:/Users/kaleb/xup/digital/FinalProjectRebuild2/FinalProjectRebuild2.sdk/top_level_hw_platform_0/download.bit"
22:41:04 INFO  : 'targets -set -filter {jtag_cable_name =~ "Digilent Basys3 210183A37E12A" && level==0} -index 0' command is executed.
22:41:04 INFO  : 'fpga -state' command is executed.
22:41:04 INFO  : Connected to target on host '127.0.0.1' and port '3121'.
22:41:06 INFO  : Jtag cable 'Digilent Basys3 210183A37E12A' is selected.
22:41:06 INFO  : 'jtag frequency' command is executed.
22:41:06 INFO  : 'configparams mdm-detect-bscan-mask 2' command is executed.
22:41:06 INFO  : Context for processor 'microblaze_0' is selected.
22:41:06 INFO  : Processor reset is completed for 'microblaze_0'.
22:41:07 INFO  : Context for processor 'microblaze_0' is selected.
22:41:07 INFO  : The application 'C:/Users/kaleb/xup/digital/FinalProjectRebuild2/FinalProjectRebuild2.sdk/FinalProjectMicroBlaze/Debug/FinalProjectMicroBlaze.elf' is downloaded to processor 'microblaze_0'.
22:41:07 INFO  : ----------------XSDB Script----------------
connect -url tcp:127.0.0.1:3121
configparams mdm-detect-bscan-mask 2
targets -set -nocase -filter {name =~ "microblaze*#0" && bscan=="USER2"  && jtag_cable_name =~ "Digilent Basys3 210183A37E12A"} -index 0
rst -processor
targets -set -nocase -filter {name =~ "microblaze*#0" && bscan=="USER2"  && jtag_cable_name =~ "Digilent Basys3 210183A37E12A"} -index 0
dow C:/Users/kaleb/xup/digital/FinalProjectRebuild2/FinalProjectRebuild2.sdk/FinalProjectMicroBlaze/Debug/FinalProjectMicroBlaze.elf
----------------End of Script----------------

22:41:07 INFO  : Context for processor 'microblaze_0' is selected.
22:41:07 INFO  : 'con' command is executed.
22:41:07 INFO  : ----------------XSDB Script (After Launch)----------------
targets -set -nocase -filter {name =~ "microblaze*#0" && bscan=="USER2"  && jtag_cable_name =~ "Digilent Basys3 210183A37E12A"} -index 0
con
----------------End of Script----------------

22:41:07 INFO  : Disconnected from the channel tcfchan#3.
22:57:47 INFO  : Connected to target on host '127.0.0.1' and port '3121'.
22:57:47 INFO  : 'targets -set -filter {jtag_cable_name =~ "Digilent Basys3 210183A37E12A" && level==0} -index 0' command is executed.
22:57:49 INFO  : FPGA configured successfully with bitstream "C:/Users/kaleb/xup/digital/FinalProjectRebuild2/FinalProjectRebuild2.sdk/top_level_hw_platform_0/download.bit"
22:58:21 INFO  : 'targets -set -filter {jtag_cable_name =~ "Digilent Basys3 210183A37E12A" && level==0} -index 0' command is executed.
22:58:21 INFO  : 'fpga -state' command is executed.
22:58:21 INFO  : Connected to target on host '127.0.0.1' and port '3121'.
22:58:23 INFO  : Jtag cable 'Digilent Basys3 210183A37E12A' is selected.
22:58:23 INFO  : 'jtag frequency' command is executed.
22:58:23 INFO  : 'configparams mdm-detect-bscan-mask 2' command is executed.
22:58:23 INFO  : Context for processor 'microblaze_0' is selected.
22:58:23 INFO  : Processor reset is completed for 'microblaze_0'.
22:58:24 INFO  : Context for processor 'microblaze_0' is selected.
22:58:24 INFO  : The application 'C:/Users/kaleb/xup/digital/FinalProjectRebuild2/FinalProjectRebuild2.sdk/FinalProjectMicroBlaze/Debug/FinalProjectMicroBlaze.elf' is downloaded to processor 'microblaze_0'.
22:58:24 INFO  : ----------------XSDB Script----------------
connect -url tcp:127.0.0.1:3121
configparams mdm-detect-bscan-mask 2
targets -set -nocase -filter {name =~ "microblaze*#0" && bscan=="USER2"  && jtag_cable_name =~ "Digilent Basys3 210183A37E12A"} -index 0
rst -processor
targets -set -nocase -filter {name =~ "microblaze*#0" && bscan=="USER2"  && jtag_cable_name =~ "Digilent Basys3 210183A37E12A"} -index 0
dow C:/Users/kaleb/xup/digital/FinalProjectRebuild2/FinalProjectRebuild2.sdk/FinalProjectMicroBlaze/Debug/FinalProjectMicroBlaze.elf
----------------End of Script----------------

22:58:24 INFO  : Context for processor 'microblaze_0' is selected.
22:58:24 INFO  : 'con' command is executed.
22:58:24 INFO  : ----------------XSDB Script (After Launch)----------------
targets -set -nocase -filter {name =~ "microblaze*#0" && bscan=="USER2"  && jtag_cable_name =~ "Digilent Basys3 210183A37E12A"} -index 0
con
----------------End of Script----------------

22:58:24 INFO  : Disconnected from the channel tcfchan#4.
23:18:15 INFO  : Connected to target on host '127.0.0.1' and port '3121'.
23:18:15 INFO  : 'targets -set -filter {jtag_cable_name =~ "Digilent Basys3 210183A37E12A" && level==0} -index 0' command is executed.
23:18:16 INFO  : FPGA configured successfully with bitstream "C:/Users/kaleb/xup/digital/FinalProjectRebuild2/FinalProjectRebuild2.sdk/top_level_hw_platform_0/download.bit"
23:19:10 INFO  : 'targets -set -filter {jtag_cable_name =~ "Digilent Basys3 210183A37E12A" && level==0} -index 0' command is executed.
23:19:10 INFO  : 'fpga -state' command is executed.
23:19:10 INFO  : Connected to target on host '127.0.0.1' and port '3121'.
23:19:11 INFO  : Jtag cable 'Digilent Basys3 210183A37E12A' is selected.
23:19:11 INFO  : 'jtag frequency' command is executed.
23:19:11 INFO  : 'configparams mdm-detect-bscan-mask 2' command is executed.
23:19:11 INFO  : Context for processor 'microblaze_0' is selected.
23:19:11 INFO  : Processor reset is completed for 'microblaze_0'.
23:19:12 INFO  : Context for processor 'microblaze_0' is selected.
23:19:12 INFO  : The application 'C:/Users/kaleb/xup/digital/FinalProjectRebuild2/FinalProjectRebuild2.sdk/FinalProjectMicroBlaze/Debug/FinalProjectMicroBlaze.elf' is downloaded to processor 'microblaze_0'.
23:19:12 INFO  : ----------------XSDB Script----------------
connect -url tcp:127.0.0.1:3121
configparams mdm-detect-bscan-mask 2
targets -set -nocase -filter {name =~ "microblaze*#0" && bscan=="USER2"  && jtag_cable_name =~ "Digilent Basys3 210183A37E12A"} -index 0
rst -processor
targets -set -nocase -filter {name =~ "microblaze*#0" && bscan=="USER2"  && jtag_cable_name =~ "Digilent Basys3 210183A37E12A"} -index 0
dow C:/Users/kaleb/xup/digital/FinalProjectRebuild2/FinalProjectRebuild2.sdk/FinalProjectMicroBlaze/Debug/FinalProjectMicroBlaze.elf
----------------End of Script----------------

23:19:12 INFO  : Context for processor 'microblaze_0' is selected.
23:19:12 INFO  : 'con' command is executed.
23:19:12 INFO  : ----------------XSDB Script (After Launch)----------------
targets -set -nocase -filter {name =~ "microblaze*#0" && bscan=="USER2"  && jtag_cable_name =~ "Digilent Basys3 210183A37E12A"} -index 0
con
----------------End of Script----------------

23:19:12 INFO  : Disconnected from the channel tcfchan#5.
23:21:30 INFO  : Connected to target on host '127.0.0.1' and port '3121'.
23:21:30 INFO  : 'targets -set -filter {jtag_cable_name =~ "Digilent Basys3 210183A37E12A" && level==0} -index 0' command is executed.
23:21:32 INFO  : FPGA configured successfully with bitstream "C:/Users/kaleb/xup/digital/FinalProjectRebuild2/FinalProjectRebuild2.sdk/top_level_hw_platform_0/download.bit"
23:22:09 INFO  : 'targets -set -filter {jtag_cable_name =~ "Digilent Basys3 210183A37E12A" && level==0} -index 0' command is executed.
23:22:09 INFO  : 'fpga -state' command is executed.
23:22:09 INFO  : Connected to target on host '127.0.0.1' and port '3121'.
23:22:09 INFO  : Jtag cable 'Digilent Basys3 210183A37E12A' is selected.
23:22:09 INFO  : 'jtag frequency' command is executed.
23:22:09 INFO  : 'configparams mdm-detect-bscan-mask 2' command is executed.
23:22:10 INFO  : Context for processor 'microblaze_0' is selected.
23:22:10 INFO  : Processor reset is completed for 'microblaze_0'.
23:22:10 INFO  : Context for processor 'microblaze_0' is selected.
23:22:10 INFO  : The application 'C:/Users/kaleb/xup/digital/FinalProjectRebuild2/FinalProjectRebuild2.sdk/FinalProjectMicroBlaze/Debug/FinalProjectMicroBlaze.elf' is downloaded to processor 'microblaze_0'.
23:22:10 INFO  : ----------------XSDB Script----------------
connect -url tcp:127.0.0.1:3121
configparams mdm-detect-bscan-mask 2
targets -set -nocase -filter {name =~ "microblaze*#0" && bscan=="USER2"  && jtag_cable_name =~ "Digilent Basys3 210183A37E12A"} -index 0
rst -processor
targets -set -nocase -filter {name =~ "microblaze*#0" && bscan=="USER2"  && jtag_cable_name =~ "Digilent Basys3 210183A37E12A"} -index 0
dow C:/Users/kaleb/xup/digital/FinalProjectRebuild2/FinalProjectRebuild2.sdk/FinalProjectMicroBlaze/Debug/FinalProjectMicroBlaze.elf
----------------End of Script----------------

23:22:10 INFO  : Context for processor 'microblaze_0' is selected.
23:22:10 INFO  : 'con' command is executed.
23:22:10 INFO  : ----------------XSDB Script (After Launch)----------------
targets -set -nocase -filter {name =~ "microblaze*#0" && bscan=="USER2"  && jtag_cable_name =~ "Digilent Basys3 210183A37E12A"} -index 0
con
----------------End of Script----------------

23:22:10 INFO  : Disconnected from the channel tcfchan#6.
23:23:33 INFO  : Connected to target on host '127.0.0.1' and port '3121'.
23:23:33 INFO  : 'targets -set -filter {jtag_cable_name =~ "Digilent Basys3 210183A37E12A" && level==0} -index 0' command is executed.
23:23:34 INFO  : FPGA configured successfully with bitstream "C:/Users/kaleb/xup/digital/FinalProjectRebuild2/FinalProjectRebuild2.sdk/top_level_hw_platform_0/download.bit"
23:23:42 INFO  : 'targets -set -filter {jtag_cable_name =~ "Digilent Basys3 210183A37E12A" && level==0} -index 0' command is executed.
23:23:42 INFO  : 'fpga -state' command is executed.
23:23:42 INFO  : Connected to target on host '127.0.0.1' and port '3121'.
23:23:43 INFO  : Jtag cable 'Digilent Basys3 210183A37E12A' is selected.
23:23:43 INFO  : 'jtag frequency' command is executed.
23:23:43 INFO  : 'configparams mdm-detect-bscan-mask 2' command is executed.
23:23:43 INFO  : Context for processor 'microblaze_0' is selected.
23:23:43 INFO  : Processor reset is completed for 'microblaze_0'.
23:23:44 INFO  : Context for processor 'microblaze_0' is selected.
23:23:44 INFO  : The application 'C:/Users/kaleb/xup/digital/FinalProjectRebuild2/FinalProjectRebuild2.sdk/FinalProjectMicroBlaze/Debug/FinalProjectMicroBlaze.elf' is downloaded to processor 'microblaze_0'.
23:23:44 INFO  : ----------------XSDB Script----------------
connect -url tcp:127.0.0.1:3121
configparams mdm-detect-bscan-mask 2
targets -set -nocase -filter {name =~ "microblaze*#0" && bscan=="USER2"  && jtag_cable_name =~ "Digilent Basys3 210183A37E12A"} -index 0
rst -processor
targets -set -nocase -filter {name =~ "microblaze*#0" && bscan=="USER2"  && jtag_cable_name =~ "Digilent Basys3 210183A37E12A"} -index 0
dow C:/Users/kaleb/xup/digital/FinalProjectRebuild2/FinalProjectRebuild2.sdk/FinalProjectMicroBlaze/Debug/FinalProjectMicroBlaze.elf
----------------End of Script----------------

23:23:44 INFO  : Context for processor 'microblaze_0' is selected.
23:23:44 INFO  : 'con' command is executed.
23:23:44 INFO  : ----------------XSDB Script (After Launch)----------------
targets -set -nocase -filter {name =~ "microblaze*#0" && bscan=="USER2"  && jtag_cable_name =~ "Digilent Basys3 210183A37E12A"} -index 0
con
----------------End of Script----------------

23:23:44 INFO  : Disconnected from the channel tcfchan#7.
23:25:09 INFO  : Connected to target on host '127.0.0.1' and port '3121'.
23:25:09 INFO  : 'targets -set -filter {jtag_cable_name =~ "Digilent Basys3 210183A37E12A" && level==0} -index 0' command is executed.
23:25:10 INFO  : FPGA configured successfully with bitstream "C:/Users/kaleb/xup/digital/FinalProjectRebuild2/FinalProjectRebuild2.sdk/top_level_hw_platform_0/download.bit"
23:25:19 INFO  : 'targets -set -filter {jtag_cable_name =~ "Digilent Basys3 210183A37E12A" && level==0} -index 0' command is executed.
23:25:19 INFO  : 'fpga -state' command is executed.
23:25:19 INFO  : Connected to target on host '127.0.0.1' and port '3121'.
23:25:20 INFO  : Jtag cable 'Digilent Basys3 210183A37E12A' is selected.
23:25:20 INFO  : 'jtag frequency' command is executed.
23:25:20 INFO  : 'configparams mdm-detect-bscan-mask 2' command is executed.
23:25:20 INFO  : Context for processor 'microblaze_0' is selected.
23:25:20 INFO  : Processor reset is completed for 'microblaze_0'.
23:25:20 INFO  : Context for processor 'microblaze_0' is selected.
23:25:20 INFO  : The application 'C:/Users/kaleb/xup/digital/FinalProjectRebuild2/FinalProjectRebuild2.sdk/FinalProjectMicroBlaze/Debug/FinalProjectMicroBlaze.elf' is downloaded to processor 'microblaze_0'.
23:25:20 INFO  : ----------------XSDB Script----------------
connect -url tcp:127.0.0.1:3121
configparams mdm-detect-bscan-mask 2
targets -set -nocase -filter {name =~ "microblaze*#0" && bscan=="USER2"  && jtag_cable_name =~ "Digilent Basys3 210183A37E12A"} -index 0
rst -processor
targets -set -nocase -filter {name =~ "microblaze*#0" && bscan=="USER2"  && jtag_cable_name =~ "Digilent Basys3 210183A37E12A"} -index 0
dow C:/Users/kaleb/xup/digital/FinalProjectRebuild2/FinalProjectRebuild2.sdk/FinalProjectMicroBlaze/Debug/FinalProjectMicroBlaze.elf
----------------End of Script----------------

23:25:21 INFO  : Context for processor 'microblaze_0' is selected.
23:25:21 INFO  : 'con' command is executed.
23:25:21 INFO  : ----------------XSDB Script (After Launch)----------------
targets -set -nocase -filter {name =~ "microblaze*#0" && bscan=="USER2"  && jtag_cable_name =~ "Digilent Basys3 210183A37E12A"} -index 0
con
----------------End of Script----------------

23:25:21 INFO  : Disconnected from the channel tcfchan#8.
23:27:16 INFO  : Connected to target on host '127.0.0.1' and port '3121'.
23:27:16 INFO  : 'targets -set -filter {jtag_cable_name =~ "Digilent Basys3 210183A37E12A" && level==0} -index 0' command is executed.
23:27:17 INFO  : FPGA configured successfully with bitstream "C:/Users/kaleb/xup/digital/FinalProjectRebuild2/FinalProjectRebuild2.sdk/top_level_hw_platform_0/download.bit"
23:28:27 INFO  : Connected to target on host '127.0.0.1' and port '3121'.
23:28:27 INFO  : 'targets -set -filter {jtag_cable_name =~ "Digilent Basys3 210183A37E12A" && level==0} -index 0' command is executed.
23:28:28 INFO  : FPGA configured successfully with bitstream "C:/Users/kaleb/xup/digital/FinalProjectRebuild2/FinalProjectRebuild2.sdk/top_level_hw_platform_0/download.bit"
23:28:42 INFO  : 'targets -set -filter {jtag_cable_name =~ "Digilent Basys3 210183A37E12A" && level==0} -index 0' command is executed.
23:28:42 INFO  : 'fpga -state' command is executed.
23:28:42 INFO  : Connected to target on host '127.0.0.1' and port '3121'.
23:28:44 INFO  : Jtag cable 'Digilent Basys3 210183A37E12A' is selected.
23:28:44 INFO  : 'jtag frequency' command is executed.
23:28:44 INFO  : 'configparams mdm-detect-bscan-mask 2' command is executed.
23:28:44 INFO  : Context for processor 'microblaze_0' is selected.
23:28:44 INFO  : Processor reset is completed for 'microblaze_0'.
23:28:44 INFO  : Context for processor 'microblaze_0' is selected.
23:28:44 INFO  : The application 'C:/Users/kaleb/xup/digital/FinalProjectRebuild2/FinalProjectRebuild2.sdk/FinalProjectMicroBlaze/Debug/FinalProjectMicroBlaze.elf' is downloaded to processor 'microblaze_0'.
23:28:44 INFO  : ----------------XSDB Script----------------
connect -url tcp:127.0.0.1:3121
configparams mdm-detect-bscan-mask 2
targets -set -nocase -filter {name =~ "microblaze*#0" && bscan=="USER2"  && jtag_cable_name =~ "Digilent Basys3 210183A37E12A"} -index 0
rst -processor
targets -set -nocase -filter {name =~ "microblaze*#0" && bscan=="USER2"  && jtag_cable_name =~ "Digilent Basys3 210183A37E12A"} -index 0
dow C:/Users/kaleb/xup/digital/FinalProjectRebuild2/FinalProjectRebuild2.sdk/FinalProjectMicroBlaze/Debug/FinalProjectMicroBlaze.elf
----------------End of Script----------------

23:28:45 INFO  : Context for processor 'microblaze_0' is selected.
23:28:45 INFO  : 'con' command is executed.
23:28:45 INFO  : ----------------XSDB Script (After Launch)----------------
targets -set -nocase -filter {name =~ "microblaze*#0" && bscan=="USER2"  && jtag_cable_name =~ "Digilent Basys3 210183A37E12A"} -index 0
con
----------------End of Script----------------

23:28:45 INFO  : Disconnected from the channel tcfchan#9.
23:39:24 INFO  : Connected to target on host '127.0.0.1' and port '3121'.
23:39:24 INFO  : 'targets -set -filter {jtag_cable_name =~ "Digilent Basys3 210183A37E12A" && level==0} -index 0' command is executed.
23:39:26 INFO  : FPGA configured successfully with bitstream "C:/Users/kaleb/xup/digital/FinalProjectRebuild2/FinalProjectRebuild2.sdk/top_level_hw_platform_0/download.bit"
23:40:41 INFO  : 'targets -set -filter {jtag_cable_name =~ "Digilent Basys3 210183A37E12A" && level==0} -index 0' command is executed.
23:40:41 INFO  : 'fpga -state' command is executed.
23:40:41 INFO  : Connected to target on host '127.0.0.1' and port '3121'.
23:40:42 INFO  : Jtag cable 'Digilent Basys3 210183A37E12A' is selected.
23:40:42 INFO  : 'jtag frequency' command is executed.
23:40:42 INFO  : 'configparams mdm-detect-bscan-mask 2' command is executed.
23:40:42 INFO  : Context for processor 'microblaze_0' is selected.
23:40:42 INFO  : Processor reset is completed for 'microblaze_0'.
23:40:42 INFO  : Context for processor 'microblaze_0' is selected.
23:40:43 INFO  : The application 'C:/Users/kaleb/xup/digital/FinalProjectRebuild2/FinalProjectRebuild2.sdk/FinalProjectMicroBlaze/Debug/FinalProjectMicroBlaze.elf' is downloaded to processor 'microblaze_0'.
23:40:43 INFO  : ----------------XSDB Script----------------
connect -url tcp:127.0.0.1:3121
configparams mdm-detect-bscan-mask 2
targets -set -nocase -filter {name =~ "microblaze*#0" && bscan=="USER2"  && jtag_cable_name =~ "Digilent Basys3 210183A37E12A"} -index 0
rst -processor
targets -set -nocase -filter {name =~ "microblaze*#0" && bscan=="USER2"  && jtag_cable_name =~ "Digilent Basys3 210183A37E12A"} -index 0
dow C:/Users/kaleb/xup/digital/FinalProjectRebuild2/FinalProjectRebuild2.sdk/FinalProjectMicroBlaze/Debug/FinalProjectMicroBlaze.elf
----------------End of Script----------------

23:40:43 INFO  : Context for processor 'microblaze_0' is selected.
23:40:43 INFO  : 'con' command is executed.
23:40:43 INFO  : ----------------XSDB Script (After Launch)----------------
targets -set -nocase -filter {name =~ "microblaze*#0" && bscan=="USER2"  && jtag_cable_name =~ "Digilent Basys3 210183A37E12A"} -index 0
con
----------------End of Script----------------

23:40:43 INFO  : Disconnected from the channel tcfchan#10.
00:12:27 INFO  : Registering command handlers for SDK TCF services
00:12:28 INFO  : Launching XSCT server: xsct.bat -interactive C:\Users\kaleb\xup\digital\FinalProjectRebuild2\FinalProjectRebuild2.sdk\temp_xsdb_launch_script.tcl
00:12:35 INFO  : XSCT server has started successfully.
00:12:41 INFO  : Processing command line option -hwspec C:/Users/kaleb/xup/digital/FinalProjectRebuild2/FinalProjectRebuild2.sdk/top_level.hdf.
00:12:41 INFO  : Successfully done setting XSCT server connection channel  
00:12:41 INFO  : Checking for hwspec changes in the project top_level_hw_platform_0.
00:12:48 INFO  : Successfully done setting SDK workspace  
11:10:31 INFO  : Registering command handlers for SDK TCF services
11:10:32 INFO  : Launching XSCT server: xsct.bat -interactive C:\Users\kaleb\xup\digital\FinalProjectRebuild2\FinalProjectRebuild2.sdk\temp_xsdb_launch_script.tcl
11:10:38 INFO  : XSCT server has started successfully.
11:10:39 INFO  : Successfully done setting XSCT server connection channel  
11:10:43 INFO  : Processing command line option -hwspec C:/Users/kaleb/xup/digital/FinalProjectRebuild2/FinalProjectRebuild2.sdk/top_level.hdf.
11:10:43 INFO  : Successfully done setting SDK workspace  
11:10:43 INFO  : Checking for hwspec changes in the project top_level_hw_platform_0.
11:11:20 INFO  : Connected to target on host '127.0.0.1' and port '3121'.
11:11:20 INFO  : 'targets -set -filter {jtag_cable_name =~ "Digilent Basys3 210183A6F73DA" && level==0} -index 0' command is executed.
11:11:21 INFO  : FPGA configured successfully with bitstream "C:/Users/kaleb/xup/digital/FinalProjectRebuild2/FinalProjectRebuild2.sdk/top_level_hw_platform_0/download.bit"
11:12:05 INFO  : 'targets -set -filter {jtag_cable_name =~ "Digilent Basys3 210183A6F73DA" && level==0} -index 0' command is executed.
11:12:05 INFO  : 'fpga -state' command is executed.
11:12:05 INFO  : Connected to target on host '127.0.0.1' and port '3121'.
11:12:05 INFO  : Jtag cable 'Digilent Basys3 210183A6F73DA' is selected.
11:12:05 INFO  : 'jtag frequency' command is executed.
11:12:05 INFO  : 'configparams mdm-detect-bscan-mask 2' command is executed.
11:12:06 INFO  : Context for processor 'microblaze_0' is selected.
11:12:06 INFO  : Processor reset is completed for 'microblaze_0'.
11:12:06 INFO  : Context for processor 'microblaze_0' is selected.
11:12:06 INFO  : The application 'C:/Users/kaleb/xup/digital/FinalProjectRebuild2/FinalProjectRebuild2.sdk/FinalProjectMicroBlaze/Debug/FinalProjectMicroBlaze.elf' is downloaded to processor 'microblaze_0'.
11:12:06 INFO  : ----------------XSDB Script----------------
connect -url tcp:127.0.0.1:3121
configparams mdm-detect-bscan-mask 2
targets -set -nocase -filter {name =~ "microblaze*#0" && bscan=="USER2"  && jtag_cable_name =~ "Digilent Basys3 210183A6F73DA"} -index 0
rst -processor
targets -set -nocase -filter {name =~ "microblaze*#0" && bscan=="USER2"  && jtag_cable_name =~ "Digilent Basys3 210183A6F73DA"} -index 0
dow C:/Users/kaleb/xup/digital/FinalProjectRebuild2/FinalProjectRebuild2.sdk/FinalProjectMicroBlaze/Debug/FinalProjectMicroBlaze.elf
----------------End of Script----------------

11:12:06 INFO  : Context for processor 'microblaze_0' is selected.
11:12:06 INFO  : 'con' command is executed.
11:12:06 INFO  : ----------------XSDB Script (After Launch)----------------
targets -set -nocase -filter {name =~ "microblaze*#0" && bscan=="USER2"  && jtag_cable_name =~ "Digilent Basys3 210183A6F73DA"} -index 0
con
----------------End of Script----------------

11:12:06 INFO  : Disconnected from the channel tcfchan#1.
11:12:23 INFO  : 'targets -set -filter {jtag_cable_name =~ "Digilent Basys3 210183A6F73DA" && level==0} -index 0' command is executed.
11:12:23 INFO  : 'fpga -state' command is executed.
11:12:23 INFO  : Connected to target on host '127.0.0.1' and port '3121'.
11:12:24 INFO  : Jtag cable 'Digilent Basys3 210183A6F73DA' is selected.
11:12:24 INFO  : 'jtag frequency' command is executed.
11:12:24 INFO  : 'configparams mdm-detect-bscan-mask 2' command is executed.
11:12:24 INFO  : Context for processor 'microblaze_0' is selected.
11:12:24 INFO  : Processor reset is completed for 'microblaze_0'.
11:12:24 INFO  : Context for processor 'microblaze_0' is selected.
11:12:24 INFO  : The application 'C:/Users/kaleb/xup/digital/FinalProjectRebuild2/FinalProjectRebuild2.sdk/FinalProjectMicroBlaze/Debug/FinalProjectMicroBlaze.elf' is downloaded to processor 'microblaze_0'.
11:12:24 INFO  : ----------------XSDB Script----------------
connect -url tcp:127.0.0.1:3121
configparams mdm-detect-bscan-mask 2
targets -set -nocase -filter {name =~ "microblaze*#0" && bscan=="USER2"  && jtag_cable_name =~ "Digilent Basys3 210183A6F73DA"} -index 0
rst -processor
targets -set -nocase -filter {name =~ "microblaze*#0" && bscan=="USER2"  && jtag_cable_name =~ "Digilent Basys3 210183A6F73DA"} -index 0
dow C:/Users/kaleb/xup/digital/FinalProjectRebuild2/FinalProjectRebuild2.sdk/FinalProjectMicroBlaze/Debug/FinalProjectMicroBlaze.elf
----------------End of Script----------------

11:12:25 INFO  : Context for processor 'microblaze_0' is selected.
11:12:25 INFO  : 'con' command is executed.
11:12:25 INFO  : ----------------XSDB Script (After Launch)----------------
targets -set -nocase -filter {name =~ "microblaze*#0" && bscan=="USER2"  && jtag_cable_name =~ "Digilent Basys3 210183A6F73DA"} -index 0
con
----------------End of Script----------------

11:12:25 INFO  : Disconnected from the channel tcfchan#2.
